<?xml version="1.0" encoding="UTF-8"?>
<!-- Generated by org.testng.reporters.JUnitXMLReporter -->
<testsuite hostname="LAS132" ignored="0" name="Test1" tests="3" failures="0" timestamp="12 Nov 2019 17:55:41 GMT" time="40.887" errors="0">
  <testcase name="login" time="3.201" classname="test.LoginOrangeHRMTest"/>
  <testcase name="delete_nationality" time="5.666" classname="test.Delete_NationalityTest"/>
  <testcase name="add_nationality" time="31.261" classname="test.Add_NationalityTest"/>
</testsuite> <!-- Test1 -->
