<?xml version="1.0" encoding="UTF-8"?>
<!-- Generated by org.testng.reporters.JUnitXMLReporter -->
<testsuite hostname="Alexis" ignored="0" name="Command line test" tests="3" failures="0" timestamp="29 Mar 2019 21:07:10 GMT" time="31.509" errors="0">
  <testcase name="add_nationality" time="6.16" classname="test.Add_NationalityTest"/>
  <testcase name="delete_nationality" time="7.483" classname="test.Delete_NationalityTest"/>
  <testcase name="login" time="3.696" classname="test.LoginOrangeHRMTest"/>
</testsuite> <!-- Command line test -->
