<?xml version="1.0" encoding="UTF-8"?>
<!-- Generated by org.testng.reporters.JUnitXMLReporter -->
<testsuite hostname="Alexis" ignored="0" name="Command line test" tests="3" failures="0" timestamp="04 Apr 2019 14:50:52 GMT" time="51.216" errors="0">
  <testcase name="add_nationality" time="22.965" classname="test.Add_NationalityTest"/>
  <testcase name="delete_nationality" time="4.996" classname="test.Delete_NationalityTest"/>
  <testcase name="login" time="2.194" classname="test.LoginOrangeHRMTest"/>
</testsuite> <!-- Command line test -->
