<?xml version="1.0" encoding="UTF-8"?>
<testng-results skipped="0" failed="0" ignored="0" total="3" passed="3">
  <reporter-output>
  </reporter-output>
  <suite name="Command line suite" duration-ms="31509" started-at="2019-03-29T21:06:38Z" finished-at="2019-03-29T21:07:09Z">
    <groups>
    </groups>
    <test name="Command line test" duration-ms="31509" started-at="2019-03-29T21:06:38Z" finished-at="2019-03-29T21:07:09Z">
      <class name="test.LoginOrangeHRMTest">
        <test-method status="PASS" signature="login()[pri:0, instance:test.LoginOrangeHRMTest@2f7a2457]" name="login" duration-ms="3696" started-at="2019-03-29T21:07:04Z" finished-at="2019-03-29T21:07:07Z">
          <reporter-output>
          </reporter-output>
        </test-method> <!-- login -->
      </class> <!-- test.LoginOrangeHRMTest -->
      <class name="test.Delete_NationalityTest">
        <test-method status="PASS" signature="delete_nationality()[pri:0, instance:test.Delete_NationalityTest@edf4efb]" name="delete_nationality" duration-ms="7483" started-at="2019-03-29T21:06:56Z" finished-at="2019-03-29T21:07:04Z">
          <reporter-output>
          </reporter-output>
        </test-method> <!-- delete_nationality -->
      </class> <!-- test.Delete_NationalityTest -->
      <class name="test.Add_NationalityTest">
        <test-method status="PASS" signature="setUp()[pri:0, instance:test.Add_NationalityTest@7f690630]" name="setUp" is-config="true" duration-ms="4884" started-at="2019-03-29T21:06:38Z" finished-at="2019-03-29T21:06:43Z">
          <reporter-output>
          </reporter-output>
        </test-method> <!-- setUp -->
        <test-method status="PASS" signature="setUp()[pri:0, instance:test.Delete_NationalityTest@edf4efb]" name="setUp" is-config="true" duration-ms="3345" started-at="2019-03-29T21:06:43Z" finished-at="2019-03-29T21:06:46Z">
          <reporter-output>
          </reporter-output>
        </test-method> <!-- setUp -->
        <test-method status="PASS" signature="setUp()[pri:0, instance:test.LoginOrangeHRMTest@2f7a2457]" name="setUp" is-config="true" duration-ms="3639" started-at="2019-03-29T21:06:46Z" finished-at="2019-03-29T21:06:50Z">
          <reporter-output>
          </reporter-output>
        </test-method> <!-- setUp -->
        <test-method status="PASS" signature="add_nationality()[pri:0, instance:test.Add_NationalityTest@7f690630]" name="add_nationality" duration-ms="6160" started-at="2019-03-29T21:06:50Z" finished-at="2019-03-29T21:06:56Z">
          <reporter-output>
          </reporter-output>
        </test-method> <!-- add_nationality -->
        <test-method status="PASS" signature="tearDown()[pri:0, instance:test.Add_NationalityTest@7f690630]" name="tearDown" is-config="true" duration-ms="722" started-at="2019-03-29T21:07:07Z" finished-at="2019-03-29T21:07:08Z">
          <reporter-output>
          </reporter-output>
        </test-method> <!-- tearDown -->
        <test-method status="PASS" signature="tearDown()[pri:0, instance:test.Delete_NationalityTest@edf4efb]" name="tearDown" is-config="true" duration-ms="788" started-at="2019-03-29T21:07:08Z" finished-at="2019-03-29T21:07:09Z">
          <reporter-output>
          </reporter-output>
        </test-method> <!-- tearDown -->
        <test-method status="PASS" signature="tearDown()[pri:0, instance:test.LoginOrangeHRMTest@2f7a2457]" name="tearDown" is-config="true" duration-ms="757" started-at="2019-03-29T21:07:09Z" finished-at="2019-03-29T21:07:09Z">
          <reporter-output>
          </reporter-output>
        </test-method> <!-- tearDown -->
      </class> <!-- test.Add_NationalityTest -->
    </test> <!-- Command line test -->
  </suite> <!-- Command line suite -->
</testng-results>
